ERROR - 2022-09-08 14:16:35 --> Error connecting to the database: mysqli_sql_exception: Unknown database 'google' in C:\xampp\htdocs\FINAL-GOOGLE\vendor\codeigniter4\framework\system\Database\MySQLi\Connection.php:171
Stack trace:
#0 C:\xampp\htdocs\FINAL-GOOGLE\vendor\codeigniter4\framework\system\Database\MySQLi\Connection.php(171): mysqli->real_connect('34.170.86.217', 'root', 'leydimontufar20...', 'google', 3306, '', 0)
#1 C:\xampp\htdocs\FINAL-GOOGLE\vendor\codeigniter4\framework\system\Database\BaseConnection.php(382): CodeIgniter\Database\MySQLi\Connection->connect(false)
#2 C:\xampp\htdocs\FINAL-GOOGLE\vendor\codeigniter4\framework\system\Database\BaseConnection.php(588): CodeIgniter\Database\BaseConnection->initialize()
#3 C:\xampp\htdocs\FINAL-GOOGLE\app\Models\ProductoModel.php(6): CodeIgniter\Database\BaseConnection->query('select * from p...')
#4 C:\xampp\htdocs\FINAL-GOOGLE\app\Controllers\CatalogoController.php(12): App\Models\ProductoModel->Listar()
#5 C:\xampp\htdocs\FINAL-GOOGLE\vendor\codeigniter4\framework\system\CodeIgniter.php(907): App\Controllers\CatalogoController->index()
#6 C:\xampp\htdocs\FINAL-GOOGLE\vendor\codeigniter4\framework\system\CodeIgniter.php(457): CodeIgniter\CodeIgniter->runController(Object(App\Controllers\CatalogoController))
#7 C:\xampp\htdocs\FINAL-GOOGLE\vendor\codeigniter4\framework\system\CodeIgniter.php(340): CodeIgniter\CodeIgniter->handleRequest(NULL, Object(Config\Cache), false)
#8 C:\xampp\htdocs\FINAL-GOOGLE\index.php(67): CodeIgniter\CodeIgniter->run()
#9 {main}

Next CodeIgniter\Database\Exceptions\DatabaseException: Unknown database 'google' in C:\xampp\htdocs\FINAL-GOOGLE\vendor\codeigniter4\framework\system\Database\MySQLi\Connection.php:215
Stack trace:
#0 C:\xampp\htdocs\FINAL-GOOGLE\vendor\codeigniter4\framework\system\Database\BaseConnection.php(382): CodeIgniter\Database\MySQLi\Connection->connect(false)
#1 C:\xampp\htdocs\FINAL-GOOGLE\vendor\codeigniter4\framework\system\Database\BaseConnection.php(588): CodeIgniter\Database\BaseConnection->initialize()
#2 C:\xampp\htdocs\FINAL-GOOGLE\app\Models\ProductoModel.php(6): CodeIgniter\Database\BaseConnection->query('select * from p...')
#3 C:\xampp\htdocs\FINAL-GOOGLE\app\Controllers\CatalogoController.php(12): App\Models\ProductoModel->Listar()
#4 C:\xampp\htdocs\FINAL-GOOGLE\vendor\codeigniter4\framework\system\CodeIgniter.php(907): App\Controllers\CatalogoController->index()
#5 C:\xampp\htdocs\FINAL-GOOGLE\vendor\codeigniter4\framework\system\CodeIgniter.php(457): CodeIgniter\CodeIgniter->runController(Object(App\Controllers\CatalogoController))
#6 C:\xampp\htdocs\FINAL-GOOGLE\vendor\codeigniter4\framework\system\CodeIgniter.php(340): CodeIgniter\CodeIgniter->handleRequest(NULL, Object(Config\Cache), false)
#7 C:\xampp\htdocs\FINAL-GOOGLE\index.php(67): CodeIgniter\CodeIgniter->run()
#8 {main}
CRITICAL - 2022-09-08 14:16:35 --> Unable to connect to the database.
Main connection [MySQLi]: Unknown database 'google'
in SYSTEMPATH\Database\BaseConnection.php on line 418.
 1 SYSTEMPATH\Database\BaseConnection.php(588): CodeIgniter\Database\BaseConnection->initialize()
 2 APPPATH\Models\ProductoModel.php(6): CodeIgniter\Database\BaseConnection->query('select * from producto')
 3 APPPATH\Controllers\CatalogoController.php(12): App\Models\ProductoModel->Listar()
 4 SYSTEMPATH\CodeIgniter.php(907): App\Controllers\CatalogoController->index()
 5 SYSTEMPATH\CodeIgniter.php(457): CodeIgniter\CodeIgniter->runController(Object(App\Controllers\CatalogoController))
 6 SYSTEMPATH\CodeIgniter.php(340): CodeIgniter\CodeIgniter->handleRequest(null, Object(Config\Cache), false)
 7 FCPATH\index.php(67): CodeIgniter\CodeIgniter->run()
